<?xml version="1.0" encoding="UTF-8"?>
<!-- Generated by org.testng.reporters.JUnitReportReporter -->
<testsuite hostname="icliniqn7-pc" failures="0" tests="1" name="Button_handling" time="9.805" errors="0" timestamp="2022-12-21T12:10:38 IST" skipped="0">
  <testcase classname="Button_handling" name="btnhandle" time="9.805"/>
  <system-out/>
</testsuite> <!-- Button_handling -->
